1615283077167	geckodriver	INFO	Listening on 127.0.0.1:58872
1615283080269	mozrunner::runner	INFO	Running command: "C:\\Program Files\\Mozilla Firefox\\firefox.exe" "--marionette" "-foreground" "-no-remote" "-profile" "C:\\Users\\x-wing\\AppData\\Local\\Temp\\rust_mozprofile6xo2x9"
console.warn: SearchSettings: "get: No settings file exists, new profile?" (new Error("", "(unknown module)"))
1615283082368	Marionette	INFO	Listening on port 58880
1615283082405	Marionette	WARN	TLS certificate errors will be ignored for this session
1615283117814	Marionette	INFO	Stopped listening on port 58880
1615283132097	geckodriver	INFO	Listening on 127.0.0.1:59026
1615283135196	mozrunner::runner	INFO	Running command: "C:\\Program Files\\Mozilla Firefox\\firefox.exe" "--marionette" "-foreground" "-no-remote" "-profile" "C:\\Users\\x-wing\\AppData\\Local\\Temp\\rust_mozprofilemONKlq"
console.warn: SearchSettings: "get: No settings file exists, new profile?" (new Error("", "(unknown module)"))
1615283137244	Marionette	INFO	Listening on port 59034
1615283137333	Marionette	WARN	TLS certificate errors will be ignored for this session
console.log: WebExtensions: reset-default-search: No addons in our list are installed.
1615283833981	Marionette	INFO	Stopped listening on port 59034

###!!! [Child][RunMessage] Error: Channel closing: too late to send/recv, messages will be lost

"--marionette" "-foreground" "-no-remote" "-profile" "C:\\Users\\x-wing\\AppData\\Local\\Temp\\rust_mozprofileD4Nvcb"
console.warn: SearchSettings: "get: No settings file exists, new profile?" (new Error("", "(unknown module)"))
1615283810241	Marionette	INFO	Listening on port 59272
1615283810683	Marionette	WARN	TLS certificate errors will be ignored for this session
1615283831248	Marionette	INFO	Stopped listening on port 59272

###!!! [Child][RunMessage] Error: Channel closing: too late to send/recv, messages will be lost

1615283931443	geckodriver	INFO	Listening on 127.0.0.1:59449
1615283934487	mozrunner::runner	INFO	Running command: "C:\\Program Files\\Mozilla Firefox\\firefox.exe" "--marionette" "-foreground" "-no-remote" "-profile" "C:\\Users\\x-wing\\AppData\\Local\\Temp\\rust_mozprofilexjG43G"
console.warn: SearchSettings: "get: No settings file exists, new profile?" (new Error("", "(unknown module)"))
1615283936309	Marionette	INFO	Listening on port 59457
1615283936509	Marionette	WARN	TLS certificate errors will be ignored for this session
1615283940509	Marionette	WARN	Ignoring event 'DOMContentLoaded' because document has an invalid readyState of 'complete'.
JavaScript error: https://mon-compte.enedis.fr/auth/XUI/libs/requirejs-2.1.14-min.js, line 8: Error: Load timeout for modules: config/AppConfiguration,config/ThemeConfiguration
http://requirejs.org/docs/errors.html#timeout
console.log: WebExtensions: reset-default-search: No addons in our list are installed.
1615286245789	Marionette	INFO	Stopped listening on port 59457
firefox.exe" "--marionette" "-foreground" "-no-remote" "-profile" "C:\\Users\\x-wing\\AppData\\Local\\Temp\\rust_mozprofilemNvlTe"
console.warn: SearchSettings: "get: No settings file exists, new profile?" (new Error("", "(unknown module)"))
1615284016367	Marionette	INFO	Listening on port 59650
1615284016409	Marionette	WARN	TLS certificate errors will be ignored for this session
1615284030170	Marionette	WARN	Ignoring event 'DOMContentLoaded' because document has an invalid readyState of 'complete'.
1615284101623	Marionette	INFO	Stopped listening on port 59650

###!!! [Child][RunMessage] Error: Channel closing: too late to send/recv, messages will be lost

1615286034340	geckodriver	INFO	Listening on 127.0.0.1:60163
1615286037375	mozrunner::runner	INFO	Running command: "C:\\Program Files\\Mozilla Firefox\\firefox.exe" "--marionette" "-foreground" "-no-remote" "-profile" "C:\\Users\\x-wing\\AppData\\Local\\Temp\\rust_mozprofileXOiO4W"
console.warn: SearchSettings: "get: No settings file exists, new profile?" (new Error("", "(unknown module)"))
1615286039494	Marionette	INFO	Listening on port 60171
1615286039996	Marionette	WARN	TLS certificate errors will be ignored for this session
1615286044167	Marionette	WARN	Ignoring event 'DOMContentLoaded' because document has an invalid readyState of 'complete'.
JavaScript error: https://www.gstatic.com/recaptcha/releases/4eHYAlZEVyrAlR9UNnRUmNcL/recaptcha__fr.js, line 54: Error: No reCAPTCHA clients exist.
1615286242760	Marionette	INFO	Stopped listening on port 60171

###!!! [Child][RunMessage] Error: Channel closing: too late to send/recv, messages will be lost

"--marionette" "-foreground" "-no-remote" "-profile" "C:\\Users\\x-wing\\AppData\\Local\\Temp\\rust_mozprofilesYaAfr"
console.warn: SearchSettings: "get: No settings file exists, new profile?" (new Error("", "(unknown module)"))
1615286240153	Marionette	INFO	Listening on port 60410
1615286240217	Marionette	WARN	TLS certificate errors will be ignored for this session
1615286245568	Marionette	WARN	Ignoring event 'DOMContentLoaded' because document has an invalid readyState of 'complete'.
JavaScript error: https://www.gstatic.com/recaptcha/releases/4eHYAlZEVyrAlR9UNnRUmNcL/recaptcha__fr.js, line 54: Error: No reCAPTCHA clients exist.
1615286345618	Marionette	INFO	Stopped listening on port 60410

###!!! [Child][RunMessage] Error: Channel closing: too late to send/recv, messages will be lost

1615286351950	geckodriver	INFO	Listening on 127.0.0.1:60608
1615286354973	mozrunner::runner	INFO	Running command: "C:\\Program Files\\Mozilla Firefox\\firefox.exe" "--marionette" "-foreground" "-no-remote" "-profile" "C:\\Users\\x-wing\\AppData\\Local\\Temp\\rust_mozprofileBcYjE4"
console.warn: SearchSettings: "get: No settings file exists, new profile?" (new Error("", "(unknown module)"))
1615286357507	Marionette	INFO	Listening on port 60617
[Parent 16240, IPC I/O Parent] WARNING: file /builds/worker/checkouts/gecko/ipc/chromium/src/base/process_util_win.cc:167
1615286357598	Marionette	WARN	TLS certificate errors will be ignored for this session
1615286363672	Marionette	WARN	Ignoring event 'DOMContentLoaded' because document has an invalid readyState of 'complete'.
1615286653535	Marionette	INFO	Stopped listening on port 60617

###!!! [Child][RunMessage] Error: Channel closing: too late to send/recv, messages will be lost

1615286663416	geckodriver	INFO	Listening on 127.0.0.1:60992
1615286666437	mozrunner::runner	INFO	Running command: "C:\\Program Files\\Mozilla Firefox\\firefox.exe" "--marionette" "-foreground" "-no-remote" "-profile" "C:\\Users\\x-wing\\AppData\\Local\\Temp\\rust_mozprofile0ZnjYb"
console.warn: SearchSettings: "get: No settings file exists, new profile?" (new Error("", "(unknown module)"))
1615286668280	Marionette	INFO	Listening on port 61000
1615286668456	Marionette	WARN	TLS certificate errors will be ignored for this session
1615286674338	Marionette	WARN	Ignoring event 'DOMContentLoaded' because document has an invalid readyState of 'complete'.
1615286740023	Marionette	INFO	Stopped listening on port 61000

###!!! [Child][RunMessage] Error: Channel closing: too late to send/recv, messages will be lost

"--marionette" "-foreground" "-no-remote" "-profile" "C:\\Users\\x-wing\\AppData\\Local\\Temp\\rust_mozprofile4W9snA"
console.warn: SearchSettings: "get: No settings file exists, new profile?" (new Error("", "(unknown module)"))
1615286739769	Marionette	INFO	Listening on port 61172
1615286740192	Marionette	WARN	TLS certificate errors will be ignored for this session
1615286865163	Marionette	INFO	Stopped listening on port 61172

###!!! [Child][RunMessage] Error: Channel closing: too late to send/recv, messages will be lost

"--marionette" "-foreground" "-no-remote" "-profile" "C:\\Users\\x-wing\\AppData\\Local\\Temp\\rust_mozprofileJwx1tU"
console.warn: SearchSettings: "get: No settings file exists, new profile?" (new Error("", "(unknown module)"))
1615286831533	Marionette	INFO	Listening on port 61291
1615286831747	Marionette	WARN	TLS certificate errors will be ignored for this session
1615286865975	Marionette	INFO	Stopped listening on port 61291

###!!! [Child][RunMessage] Error: Channel closing: too late to send/recv, messages will be lost

"--marionette" "-foreground" "-no-remote" "-profile" "C:\\Users\\x-wing\\AppData\\Local\\Temp\\rust_mozprofileXmH1nw"
console.warn: SearchSettings: "get: No settings file exists, new profile?" (new Error("", "(unknown module)"))
1615286865007	Marionette	INFO	Listening on port 61333
1615286865075	Marionette	WARN	TLS certificate errors will be ignored for this session
1615286879053	Marionette	WARN	Ignoring event 'DOMContentLoaded' because document has an invalid readyState of 'complete'.
1615286907133	Marionette	INFO	Stopped listening on port 61333

###!!! [Child][RunMessage] Error: Channel closing: too late to send/recv, messages will be lost

"--marionette" "-foreground" "-no-remote" "-profile" "C:\\Users\\x-wing\\AppData\\Local\\Temp\\rust_mozprofileNUb08L"
console.warn: SearchSettings: "get: No settings file exists, new profile?" (new Error("", "(unknown module)"))
1615286904275	Marionette	INFO	Listening on port 61457
1615286904347	Marionette	WARN	TLS certificate errors will be ignored for this session
1615286909966	Marionette	WARN	Ignoring event 'DOMContentLoaded' because document has an invalid readyState of 'complete'.
1615286932593	Marionette	INFO	Stopped listening on port 61457
1615290396218	geckodriver	INFO	Listening on 127.0.0.1:62860
1615290399298	mozrunner::runner	INFO	Running command: "C:\\Program Files\\Mozilla Firefox\\firefox.exe" "--marionette" "-foreground" "-no-remote" "-profile" "C:\\Users\\x-wing\\AppData\\Local\\Temp\\rust_mozprofileTg6bbR"
console.warn: SearchSettings: "get: No settings file exists, new profile?" (new Error("", "(unknown module)"))
1615290402121	Marionette	INFO	Listening on port 62868
1615290402424	Marionette	WARN	TLS certificate errors will be ignored for this session
1615290511905	Marionette	INFO	Stopped listening on port 62868

###!!! [Child][RunMessage] Error: Channel closing: too late to send/recv, messages will be lost

1615291533430	geckodriver	INFO	Listening on 127.0.0.1:63402
1615291536524	mozrunner::runner	INFO	Running command: "C:\\Program Files\\Mozilla Firefox\\firefox.exe" "--marionette" "-foreground" "-no-remote" "-profile" "C:\\Users\\x-wing\\AppData\\Local\\Temp\\rust_mozprofilepISgSB"
console.warn: SearchSettings: "get: No settings file exists, new profile?" (new Error("", "(unknown module)"))
1615291538680	Marionette	INFO	Listening on port 63412
1615291539144	Marionette	WARN	TLS certificate errors will be ignored for this session
1615291539146	Marionette	INFO	Proxy settings initialised: {"proxyType":"manual","ftpProxy":"159.203.87.130:3128","httpProxy":"159.203.87.130:3128","sslProxy":"159.203.87.130:3128"}
JavaScript error: resource://activity-stream/lib/ASRouter.jsm, line 988: NS_ERROR_ILLEGAL_VALUE: Component returned failure code: 0x80070057 (NS_ERROR_ILLEGAL_VALUE) [nsIObserverService.removeObserver]
1615291561965	Marionette	INFO	Stopped listening on port 63412

###!!! [Child][RunMessage] Error: Channel closing: too late to send/recv, messages will be lost

1615291664143	geckodriver	INFO	Listening on 127.0.0.1:63547
1615291667243	mozrunner::runner	INFO	Running command: "C:\\Program Files\\Mozilla Firefox\\firefox.exe" "--marionette" "-foreground" "-no-remote" "-profile" "C:\\Users\\x-wing\\AppData\\Local\\Temp\\rust_mozprofilexBieBd"
console.warn: SearchSettings: "get: No settings file exists, new profile?" (new Error("", "(unknown module)"))
1615291669132	Marionette	INFO	Listening on port 63559
1615291669265	Marionette	WARN	TLS certificate errors will be ignored for this session
1615291669268	Marionette	INFO	Proxy settings initialised: {"proxyType":"manual","ftpProxy":"18.210.69.172:3128","httpProxy":"18.210.69.172:3128","sslProxy":"18.210.69.172:3128"}
JavaScript error: resource://activity-stream/lib/ASRouter.jsm, line 988: NS_ERROR_ILLEGAL_VALUE: Component returned failure code: 0x80070057 (NS_ERROR_ILLEGAL_VALUE) [nsIObserverService.removeObserver]
1615291756345	Marionette	INFO	Stopped listening on port 63559

###!!! [Child][RunMessage] Error: Channel closing: too late to send/recv, messages will be lost

1615291776521	geckodriver	INFO	Listening on 127.0.0.1:63661
1615291779627	mozrunner::runner	INFO	Running command: "C:\\Program Files\\Mozilla Firefox\\firefox.exe" "--marionette" "-foreground" "-no-remote" "-profile" "C:\\Users\\x-wing\\AppData\\Local\\Temp\\rust_mozprofileGW1AHL"
console.warn: SearchSettings: "get: No settings file exists, new profile?" (new Error("", "(unknown module)"))
1615291781456	Marionette	INFO	Listening on port 63670
1615291781643	Marionette	WARN	TLS certificate errors will be ignored for this session
1615291841082	Marionette	INFO	Stopped listening on port 63670

###!!! [Child][RunMessage] Error: Channel closing: too late to send/recv, messages will be lost

1615291851650	geckodriver	INFO	Listening on 127.0.0.1:63774
1615291854738	mozrunner::runner	INFO	Running command: "C:\\Program Files\\Mozilla Firefox\\firefox.exe" "--marionette" "-foreground" "-no-remote" "-profile" "C:\\Users\\x-wing\\AppData\\Local\\Temp\\rust_mozprofileFmwL14"
console.warn: SearchSettings: "get: No settings file exists, new profile?" (new Error("", "(unknown module)"))
1615291856801	Marionette	INFO	Listening on port 63783
1615291856859	Marionette	WARN	TLS certificate errors will be ignored for this session
1615291915165	Marionette	INFO	Stopped listening on port 63783

###!!! [Child][RunMessage] Error: Channel closing: too late to send/recv, messages will be lost

"--marionette" "-foreground" "-no-remote" "-profile" "C:\\Users\\x-wing\\AppData\\Local\\Temp\\rust_mozprofileDCsW83"
console.warn: SearchSettings: "get: No settings file exists, new profile?" (new Error("", "(unknown module)"))
1615291910524	Marionette	INFO	Listening on port 63899
1615291910687	Marionette	WARN	TLS certificate errors will be ignored for this session
console.log: WebExtensions: reset-default-search: No addons in our list are installed.
1615292648823	Marionette	INFO	Stopped listening on port 63899

###!!! [Child][RunMessage] Error: Channel closing: too late to send/recv, messages will be lost

\Temp\\rust_mozprofileRICIEc"
console.warn: SearchSettings: "get: No settings file exists, new profile?" (new Error("", "(unknown module)"))
1615292083535	Marionette	INFO	Listening on port 63979
1615292084023	Marionette	WARN	TLS certificate errors will be ignored for this session
1615292105698	Marionette	WARN	Ignoring event 'DOMContentLoaded' because document has an invalid readyState of 'complete'.
console.log: WebExtensions: reset-default-search: No addons in our list are installed.
1615292723566	Marionette	INFO	Stopped listening on port 63979

###!!! [Child][RunMessage] Error: Channel closing: too late to send/recv, messages will be lost

\Temp\\rust_mozprofileaR3LgK"
console.warn: SearchSettings: "get: No settings file exists, new profile?" (new Error("", "(unknown module)"))
1615292366929	Marionette	INFO	Listening on port 64213
1615292366994	Marionette	WARN	TLS certificate errors will be ignored for this session
1615292370574	Marionette	WARN	Ignoring event 'DOMContentLoaded' because document has an invalid readyState of 'complete'.
1615292385463	Marionette	INFO	Stopped listening on port 64213

###!!! [Child][RunMessage] Error: Channel closing: too late to send/recv, messages will be lost

1615292598922	geckodriver	INFO	Listening on 127.0.0.1:64462
1615292602019	mozrunner::runner	INFO	Running command: "C:\\Program Files\\Mozilla Firefox\\firefox.exe" "--marionette" "-foreground" "-no-remote" "-profile" "C:\\Users\\x-wing\\AppData\\Local\\Temp\\rust_mozprofileSDWMMq"
console.warn: SearchSettings: "get: No settings file exists, new profile?" (new Error("", "(unknown module)"))
1615292603983	Marionette	INFO	Listening on port 64470
1615292604057	Marionette	WARN	TLS certificate errors will be ignored for this session
1615292615514	Marionette	WARN	Ignoring event 'DOMContentLoaded' because document has an invalid readyState of 'complete'.
1615292628328	Marionette	INFO	Stopped listening on port 64470

###!!! [Child][RunMessage] Error: Channel closing: too late to send/recv, messages will be lost

1615292710663	geckodriver	INFO	Listening on 127.0.0.1:64636
1615292713774	mozrunner::runner	INFO	Running command: "C:\\Program Files\\Mozilla Firefox\\firefox.exe" "--marionette" "-foreground" "-no-remote" "-profile" "C:\\Users\\x-wing\\AppData\\Local\\Temp\\rust_mozprofilezEsCt9"
console.warn: SearchSettings: "get: No settings file exists, new profile?" (new Error("", "(unknown module)"))
1615292715811	Marionette	INFO	Listening on port 64644
1615292715894	Marionette	WARN	TLS certificate errors will be ignored for this session
1615292720531	Marionette	WARN	Ignoring event 'DOMContentLoaded' because document has an invalid readyState of 'complete'.
JavaScript error: https://mon-compte.enedis.fr/auth/XUI/main.js?v=2.2.31.1, line 3: SyntaxError: JSON.parse: unexpected character at line 1 column 1 of the JSON data
1615292753518	Marionette	INFO	Stopped listening on port 64644

###!!! [Child][RunMessage] Error: Channel closing: too late to send/recv, messages will be lost

1615292758896	geckodriver	INFO	Listening on 127.0.0.1:64794
1615292762010	mozrunner::runner	INFO	Running command: "C:\\Program Files\\Mozilla Firefox\\firefox.exe" "--marionette" "-foreground" "-no-remote" "-profile" "C:\\Users\\x-wing\\AppData\\Local\\Temp\\rust_mozprofileIvRiEd"
console.warn: SearchSettings: "get: No settings file exists, new profile?" (new Error("", "(unknown module)"))
1615292764004	Marionette	INFO	Listening on port 64805
1615292764034	Marionette	WARN	TLS certificate errors will be ignored for this session
1615292768945	Marionette	WARN	Ignoring event 'DOMContentLoaded' because document has an invalid readyState of 'complete'.
1615292781778	Marionette	INFO	Stopped listening on port 64805

###!!! [Child][RunMessage] Error: Channel closing: too late to send/recv, messages will be lost

1615292846331	geckodriver	INFO	Listening on 127.0.0.1:64924
1615292849597	mozrunner::runner	INFO	Running command: "C:\\Program Files\\Mozilla Firefox\\firefox.exe" "--marionette" "-foreground" "-no-remote" "-profile" "C:\\Users\\x-wing\\AppData\\Local\\Temp\\rust_mozprofilepKvXrl"
console.warn: SearchSettings: "get: No settings file exists, new profile?" (new Error("", "(unknown module)"))
1615292851477	Marionette	INFO	Listening on port 64932
1615292851616	Marionette	WARN	TLS certificate errors will be ignored for this session
1615292854957	Marionette	WARN	Ignoring event 'DOMContentLoaded' because document has an invalid readyState of 'complete'.
1615292877522	Marionette	INFO	Stopped listening on port 64932

###!!! [Child][RunMessage] Error: Channel closing: too late to send/recv, messages will be lost

1615293527148	geckodriver	INFO	Listening on 127.0.0.1:65420
1615293530257	mozrunner::runner	INFO	Running command: "C:\\Program Files\\Mozilla Firefox\\firefox.exe" "--marionette" "-foreground" "-no-remote" "-profile" "C:\\Users\\x-wing\\AppData\\Local\\Temp\\rust_mozprofileib4iAa"
console.warn: SearchSettings: "get: No settings file exists, new profile?" (new Error("", "(unknown module)"))
1615293532294	Marionette	INFO	Listening on port 65428
1615293532384	Marionette	WARN	TLS certificate errors will be ignored for this session
[Parent 21452, IPC I/O Parent] WARNING: file /builds/worker/checkouts/gecko/ipc/chromium/src/base/process_util_win.cc:167
1615293541219	Marionette	WARN	Ignoring event 'DOMContentLoaded' because document has an invalid readyState of 'complete'.
JavaScript error: https://mon-compte.enedis.fr/auth/XUI/libs/requirejs-2.1.14-min.js, line 8: Error: Load timeout for modules: org/forgerock/openam/ui/common/components/Footer,org/forgerock/commons/ui/common/components/LoginHeader
http://requirejs.org/docs/errors.html#timeout
1615293714221	Marionette	INFO	Stopped listening on port 65428

###!!! [Child][RunMessage] Error: Channel closing: too late to send/recv, messages will be lost

1615293846548	geckodriver	INFO	Listening on 127.0.0.1:49282
1615293849654	mozrunner::runner	INFO	Running command: "C:\\Program Files\\Mozilla Firefox\\firefox.exe" "--marionette" "-foreground" "-no-remote" "-profile" "C:\\Users\\x-wing\\AppData\\Local\\Temp\\rust_mozprofilePfwU9a"
console.warn: SearchSettings: "get: No settings file exists, new profile?" (new Error("", "(unknown module)"))
1615293851922	Marionette	INFO	Listening on port 49290
1615293852272	Marionette	WARN	TLS certificate errors will be ignored for this session
1615293856326	Marionette	WARN	Ignoring event 'DOMContentLoaded' because document has an invalid readyState of 'complete'.
1615293880689	Marionette	INFO	Stopped listening on port 49290
1615294440251	geckodriver	INFO	Listening on 127.0.0.1:49873
1615294443336	mozrunner::runner	INFO	Running command: "C:\\Program Files\\Mozilla Firefox\\firefox.exe" "--marionette" "-foreground" "-no-remote" "-profile" "C:\\Users\\x-wing\\AppData\\Local\\Temp\\rust_mozprofilebaU8hV"
console.warn: SearchSettings: "get: No settings file exists, new profile?" (new Error("", "(unknown module)"))
1615294445603	Marionette	INFO	Listening on port 49882
1615294445963	Marionette	WARN	TLS certificate errors will be ignored for this session
1615294455999	Marionette	INFO	Stopped listening on port 49882

###!!! [Child][RunMessage] Error: Channel closing: too late to send/recv, messages will be lost

1615294459045	geckodriver	INFO	Listening on 127.0.0.1:49985
1615294462142	mozrunner::runner	INFO	Running command: "C:\\Program Files\\Mozilla Firefox\\firefox.exe" "--marionette" "-foreground" "-no-remote" "-profile" "C:\\Users\\x-wing\\AppData\\Local\\Temp\\rust_mozprofileMdHM3C"
console.warn: SearchSettings: "get: No settings file exists, new profile?" (new Error("", "(unknown module)"))
1615294464067	Marionette	INFO	Listening on port 49993
1615294464167	Marionette	WARN	TLS certificate errors will be ignored for this session
1615294469015	Marionette	WARN	Ignoring event 'DOMContentLoaded' because document has an invalid readyState of 'complete'.
JavaScript error: https://mon-compte.enedis.fr/auth/XUI/libs/requirejs-2.1.14-min.js, line 8: Error: Load timeout for modules: config/AppConfiguration,config/ThemeConfiguration
http://requirejs.org/docs/errors.html#timeout
1615294534912	Marionette	INFO	Stopped listening on port 49993

###!!! [Child][RunMessage] Error: Channel closing: too late to send/recv, messages will be lost

1615294671262	geckodriver	INFO	Listening on 127.0.0.1:50216
1615294674375	mozrunner::runner	INFO	Running command: "C:\\Program Files\\Mozilla Firefox\\firefox.exe" "--marionette" "-foreground" "-no-remote" "-profile" "C:\\Users\\x-wing\\AppData\\Local\\Temp\\rust_mozprofileDCZTh4"
console.warn: SearchSettings: "get: No settings file exists, new profile?" (new Error("", "(unknown module)"))
1615294676723	Marionette	INFO	Listening on port 50227
1615294676995	Marionette	WARN	TLS certificate errors will be ignored for this session
1615294685566	Marionette	WARN	Ignoring event 'DOMContentLoaded' because document has an invalid readyState of 'complete'.
1615294763398	Marionette	INFO	Stopped listening on port 50227

###!!! [Child][RunMessage] Error: Channel closing: too late to send/recv, messages will be lost

"--marionette" "-foreground" "-no-remote" "-profile" "C:\\Users\\x-wing\\AppData\\Local\\Temp\\rust_mozprofileB7rBHk"
console.warn: SearchSettings: "get: No settings file exists, new profile?" (new Error("", "(unknown module)"))
1615294762893	Marionette	INFO	Listening on port 50368
1615294762981	Marionette	WARN	TLS certificate errors will be ignored for this session
1615294768862	Marionette	WARN	Ignoring event 'DOMContentLoaded' because document has an invalid readyState of 'complete'.
1615295029045	Marionette	INFO	Stopped listening on port 50368
1615295342291	geckodriver	INFO	Listening on 127.0.0.1:50581
1615295345388	mozrunner::runner	INFO	Running command: "C:\\Program Files\\Mozilla Firefox\\firefox.exe" "--marionette" "-foreground" "-no-remote" "-profile" "C:\\Users\\x-wing\\AppData\\Local\\Temp\\rust_mozprofileOxAUoR"
console.warn: SearchSettings: "get: No settings file exists, new profile?" (new Error("", "(unknown module)"))
1615295347384	Marionette	INFO	Listening on port 50590
1615295347410	Marionette	WARN	TLS certificate errors will be ignored for this session
1615295644912	Marionette	INFO	Stopped listening on port 50590

###!!! [Child][RunMessage] Error: Channel closing: too late to send/recv, messages will be lost

"--marionette" "-foreground" "-no-remote" "-profile" "C:\\Users\\x-wing\\AppData\\Local\\Temp\\rust_mozprofileryAVKT"
console.warn: SearchSettings: "get: No settings file exists, new profile?" (new Error("", "(unknown module)"))
1615295643400	Marionette	INFO	Listening on port 50792
1615295643459	Marionette	WARN	TLS certificate errors will be ignored for this session
1615295678793	Marionette	INFO	Stopped listening on port 50792

###!!! [Child][RunMessage] Error: Channel closing: too late to send/recv, messages will be lost

"--marionette" "-foreground" "-no-remote" "-profile" "C:\\Users\\x-wing\\AppData\\Local\\Temp\\rust_mozprofile1dgkXN"
console.warn: SearchSettings: "get: No settings file exists, new profile?" (new Error("", "(unknown module)"))
1615295679407	Marionette	INFO	Listening on port 50860
1615295679715	Marionette	WARN	TLS certificate errors will be ignored for this session
1615296007804	Marionette	INFO	Stopped listening on port 50860

###!!! [Child][RunMessage] Error: Channel closing: too late to send/recv, messages will be lost

"--marionette" "-foreground" "-no-remote" "-profile" "C:\\Users\\x-wing\\AppData\\Local\\Temp\\rust_mozprofileu2TKEt"
console.warn: SearchSettings: "get: No settings file exists, new profile?" (new Error("", "(unknown module)"))
1615295887769	Marionette	INFO	Listening on port 50942
1615295887860	Marionette	WARN	TLS certificate errors will be ignored for this session
1615296006576	Marionette	INFO	Stopped listening on port 50942

###!!! [Child][RunMessage] Error: Channel closing: too late to send/recv, messages will be lost

"--marionette" "-foreground" "-no-remote" "-profile" "C:\\Users\\x-wing\\AppData\\Local\\Temp\\rust_mozprofileE87CHA"
console.warn: SearchSettings: "get: No settings file exists, new profile?" (new Error("", "(unknown module)"))
1615295912310	Marionette	INFO	Listening on port 51006
1615295912369	Marionette	WARN	TLS certificate errors will be ignored for this session
1615296005707	Marionette	INFO	Stopped listening on port 51006

###!!! [Child][RunMessage] Error: Channel closing: too late to send/recv, messages will be lost

"--marionette" "-foreground" "-no-remote" "-profile" "C:\\Users\\x-wing\\AppData\\Local\\Temp\\rust_mozprofile1r4mu0"
console.warn: SearchSettings: "get: No settings file exists, new profile?" (new Error("", "(unknown module)"))
1615295932480	Marionette	INFO	Listening on port 51065
1615295932605	Marionette	WARN	TLS certificate errors will be ignored for this session
1615296005089	Marionette	INFO	Stopped listening on port 51065

###!!! [Child][RunMessage] Error: Channel closing: too late to send/recv, messages will be lost

"--marionette" "-foreground" "-no-remote" "-profile" "C:\\Users\\x-wing\\AppData\\Local\\Temp\\rust_mozprofileiaehio"
console.warn: SearchSettings: "get: No settings file exists, new profile?" (new Error("", "(unknown module)"))
1615295960471	Marionette	INFO	Listening on port 51130
1615295960566	Marionette	WARN	TLS certificate errors will be ignored for this session
1615296004444	Marionette	INFO	Stopped listening on port 51130

###!!! [Child][RunMessage] Error: Channel closing: too late to send/recv, messages will be lost

"--marionette" "-foreground" "-no-remote" "-profile" "C:\\Users\\x-wing\\AppData\\Local\\Temp\\rust_mozprofileBKhpi1"
console.warn: SearchSettings: "get: No settings file exists, new profile?" (new Error("", "(unknown module)"))
1615296004090	Marionette	INFO	Listening on port 51193
1615296004465	Marionette	WARN	TLS certificate errors will be ignored for this session
1615296047767	Marionette	INFO	Stopped listening on port 51193

###!!! [Child][RunMessage] Error: Channel closing: too late to send/recv, messages will be lost

"--marionette" "-foreground" "-no-remote" "-profile" "C:\\Users\\x-wing\\AppData\\Local\\Temp\\rust_mozprofileGWwp9q"
console.warn: SearchSettings: "get: No settings file exists, new profile?" (new Error("", "(unknown module)"))
1615296032147	Marionette	INFO	Listening on port 51262
1615296032303	Marionette	WARN	TLS certificate errors will be ignored for this session
[Child 15604, IPC I/O Child] WARNING: pipe error: 232: file /builds/worker/checkouts/gecko/ipc/chromium/src/chrome/common/ipc_channel_win.cc:545
1615296048602	Marionette	INFO	Stopped listening on port 51262

###!!! [Child][RunMessage] Error: Channel closing: too late to send/recv, messages will be lost

1615296094086	geckodriver	INFO	Listening on 127.0.0.1:51318
1615296097193	mozrunner::runner	INFO	Running command: "C:\\Program Files\\Mozilla Firefox\\firefox.exe" "--marionette" "-foreground" "-no-remote" "-profile" "C:\\Users\\x-wing\\AppData\\Local\\Temp\\rust_mozprofiletzqNQQ"
console.warn: SearchSettings: "get: No settings file exists, new profile?" (new Error("", "(unknown module)"))
1615296099081	Marionette	INFO	Listening on port 51326
1615296099215	Marionette	WARN	TLS certificate errors will be ignored for this session
1615296245513	Marionette	INFO	Stopped listening on port 51326

###!!! [Child][RunMessage] Error: Channel closing: too late to send/recv, messages will be lost

"--marionette" "-foreground" "-no-remote" "-profile" "C:\\Users\\x-wing\\AppData\\Local\\Temp\\rust_mozprofileqZuBH3"
console.warn: SearchSettings: "get: No settings file exists, new profile?" (new Error("", "(unknown module)"))
1615296246170	Marionette	INFO	Listening on port 51407
1615296246609	Marionette	WARN	TLS certificate errors will be ignored for this session
1615296285503	Marionette	INFO	Stopped listening on port 51407

###!!! [Child][RunMessage] Error: Channel closing: too late to send/recv, messages will be lost

"--marionette" "-foreground" "-no-remote" "-profile" "C:\\Users\\x-wing\\AppData\\Local\\Temp\\rust_mozprofileU902LA"
console.warn: SearchSettings: "get: No settings file exists, new profile?" (new Error("", "(unknown module)"))
1615296277861	Marionette	INFO	Listening on port 51476
1615296277963	Marionette	WARN	TLS certificate errors will be ignored for this session
1615296324042	Marionette	INFO	Stopped listening on port 51476

###!!! [Child][RunMessage] Error: Channel closing: too late to send/recv, messages will be lost

"--marionette" "-foreground" "-no-remote" "-profile" "C:\\Users\\x-wing\\AppData\\Local\\Temp\\rust_mozprofileYzuKZq"
console.warn: SearchSettings: "get: No settings file exists, new profile?" (new Error("", "(unknown module)"))
1615296325537	Marionette	INFO	Listening on port 51544
1615296325975	Marionette	WARN	TLS certificate errors will be ignored for this session
1615296348700	Marionette	WARN	Ignoring event 'DOMContentLoaded' because document has an invalid readyState of 'complete'.
1615296383865	Marionette	INFO	Stopped listening on port 51544

###!!! [Child][RunMessage] Error: Channel closing: too late to send/recv, messages will be lost

1615296387504	geckodriver	INFO	Listening on 127.0.0.1:51664
1615296390603	mozrunner::runner	INFO	Running command: "C:\\Program Files\\Mozilla Firefox\\firefox.exe" "--marionette" "-foreground" "-no-remote" "-profile" "C:\\Users\\x-wing\\AppData\\Local\\Temp\\rust_mozprofilen7stfb"
console.warn: SearchSettings: "get: No settings file exists, new profile?" (new Error("", "(unknown module)"))
1615296392520	Marionette	INFO	Listening on port 51672
1615296392618	Marionette	WARN	TLS certificate errors will be ignored for this session
1615296396681	Marionette	WARN	Ignoring event 'DOMContentLoaded' because document has an invalid readyState of 'complete'.
1615296425093	Marionette	INFO	Stopped listening on port 51672

###!!! [Child][RunMessage] Error: Channel closing: too late to send/recv, messages will be lost

"--marionette" "-foreground" "-no-remote" "-profile" "C:\\Users\\x-wing\\AppData\\Local\\Temp\\rust_mozprofilemqkuzi"
console.warn: SearchSettings: "get: No settings file exists, new profile?" (new Error("", "(unknown module)"))
1615296424826	Marionette	INFO	Listening on port 51787
1615296425282	Marionette	WARN	TLS certificate errors will be ignored for this session
1615296429037	Marionette	WARN	Ignoring event 'DOMContentLoaded' because document has an invalid readyState of 'complete'.
console.warn: LoginRecipes: "getRecipes: falling back to a synchronous message for:" "https://mon-compte.enedis.fr"
1615296474856	Marionette	INFO	Stopped listening on port 51787

###!!! [Child][RunMessage] Error: Channel closing: too late to send/recv, messages will be lost

"--marionette" "-foreground" "-no-remote" "-profile" "C:\\Users\\x-wing\\AppData\\Local\\Temp\\rust_mozprofilebByAsB"
console.warn: SearchSettings: "get: No settings file exists, new profile?" (new Error("", "(unknown module)"))
1615296475192	Marionette	INFO	Listening on port 51920
1615296475306	Marionette	WARN	TLS certificate errors will be ignored for this session
1615296492118	Marionette	WARN	Ignoring event 'DOMContentLoaded' because document has an invalid readyState of 'complete'.
1615296512019	Marionette	INFO	Stopped listening on port 51920

###!!! [Child][RunMessage] Error: Channel closing: too late to send/recv, messages will be lost

1615296788908	geckodriver	INFO	Listening on 127.0.0.1:52147
1615296792021	mozrunner::runner	INFO	Running command: "C:\\Program Files\\Mozilla Firefox\\firefox.exe" "--marionette" "-foreground" "-no-remote" "-profile" "C:\\Users\\x-wing\\AppData\\Local\\Temp\\rust_mozprofilekb9JUv"
console.warn: SearchSettings: "get: No settings file exists, new profile?" (new Error("", "(unknown module)"))
1615296793944	Marionette	INFO	Listening on port 52168
1615296794046	Marionette	WARN	TLS certificate errors will be ignored for this session
1615296797022	Marionette	WARN	Ignoring event 'DOMContentLoaded' because document has an invalid readyState of 'complete'.
1615296830661	Marionette	INFO	Stopped listening on port 52168
1615296836144	geckodriver	INFO	Listening on 127.0.0.1:52339
1615296839251	mozrunner::runner	INFO	Running command: "C:\\Program Files\\Mozilla Firefox\\firefox.exe" "--marionette" "-foreground" "-no-remote" "-profile" "C:\\Users\\x-wing\\AppData\\Local\\Temp\\rust_mozprofileO7rc2A"
console.warn: SearchSettings: "get: No settings file exists, new profile?" (new Error("", "(unknown module)"))
1615296841156	Marionette	INFO	Listening on port 52347
1615296841268	Marionette	WARN	TLS certificate errors will be ignored for this session
1615296851085	Marionette	WARN	Ignoring event 'DOMContentLoaded' because document has an invalid readyState of 'complete'.
1615296863264	Marionette	INFO	Stopped listening on port 52347

###!!! [Child][RunMessage] Error: Channel closing: too late to send/recv, messages will be lost

1615296894535	geckodriver	INFO	Listening on 127.0.0.1:52462
1615296897642	mozrunner::runner	INFO	Running command: "C:\\Program Files\\Mozilla Firefox\\firefox.exe" "--marionette" "-foreground" "-no-remote" "-profile" "C:\\Users\\x-wing\\AppData\\Local\\Temp\\rust_mozprofilefisedB"
console.warn: SearchSettings: "get: No settings file exists, new profile?" (new Error("", "(unknown module)"))
1615296899516	Marionette	INFO	Listening on port 52470
1615296899665	Marionette	WARN	TLS certificate errors will be ignored for this session
1615296912161	Marionette	WARN	Ignoring event 'DOMContentLoaded' because document has an invalid readyState of 'complete'.
1615296957515	Marionette	INFO	Stopped listening on port 52470

###!!! [Child][RunMessage] Error: Channel closing: too late to send/recv, messages will be lost

1615297697335	geckodriver	INFO	Listening on 127.0.0.1:52845
1615297700444	mozrunner::runner	INFO	Running command: "C:\\Program Files\\Mozilla Firefox\\firefox.exe" "--marionette" "-foreground" "-no-remote" "-profile" "C:\\Users\\x-wing\\AppData\\Local\\Temp\\rust_mozprofilepI9HEb"
console.warn: SearchSettings: "get: No settings file exists, new profile?" (new Error("", "(unknown module)"))
1615297702446	Marionette	INFO	Listening on port 52855
1615297702468	Marionette	WARN	TLS certificate errors will be ignored for this session
1615297728124	Marionette	WARN	Ignoring event 'DOMContentLoaded' because document has an invalid readyState of 'complete'.
1615297769739	Marionette	INFO	Stopped listening on port 52855

###!!! [Child][RunMessage] Error: Channel closing: too late to send/recv, messages will be lost

1615297772368	geckodriver	INFO	Listening on 127.0.0.1:52984
1615297775486	mozrunner::runner	INFO	Running command: "C:\\Program Files\\Mozilla Firefox\\firefox.exe" "--marionette" "-foreground" "-no-remote" "-profile" "C:\\Users\\x-wing\\AppData\\Local\\Temp\\rust_mozprofileyrBt4C"
console.warn: SearchSettings: "get: No settings file exists, new profile?" (new Error("", "(unknown module)"))
1615297777505	Marionette	INFO	Listening on port 53001
1615297777604	Marionette	WARN	TLS certificate errors will be ignored for this session
1615297808377	Marionette	WARN	Ignoring event 'DOMContentLoaded' because document has an invalid readyState of 'complete'.
1615297825434	Marionette	INFO	Stopped listening on port 53001

###!!! [Child][RunMessage] Error: Channel closing: too late to send/recv, messages will be lost

1615297872050	geckodriver	INFO	Listening on 127.0.0.1:53138
1615297875154	mozrunner::runner	INFO	Running command: "C:\\Program Files\\Mozilla Firefox\\firefox.exe" "--marionette" "-foreground" "-no-remote" "-profile" "C:\\Users\\x-wing\\AppData\\Local\\Temp\\rust_mozprofileegeWA4"
console.warn: SearchSettings: "get: No settings file exists, new profile?" (new Error("", "(unknown module)"))
1615297877006	Marionette	INFO	Listening on port 53147
1615297877178	Marionette	WARN	TLS certificate errors will be ignored for this session
1615297879065	Marionette	WARN	Ignoring event 'DOMContentLoaded' because document has an invalid readyState of 'complete'.
console.log: WebExtensions: reset-default-search: No addons in our list are installed.
1615298483256	Marionette	INFO	Stopped listening on port 53147

###!!! [Child][RunMessage] Error: Channel closing: too late to send/recv, messages will be lost

\Temp\\rust_mozprofileW96fgW"
JavaScript error: resource://gre/modules/XULStore.jsm, line 66: Error: Can't find profile directory.
console.warn: SearchSettings: "get: No settings file exists, new profile?" (new Error("", "(unknown module)"))
1615298046743	Marionette	INFO	Listening on port 53357
1615298047145	Marionette	WARN	TLS certificate errors will be ignored for this session
1615298059767	Marionette	WARN	Ignoring event 'DOMContentLoaded' because document has an invalid readyState of 'complete'.
JavaScript error: https://mon-compte.enedis.fr/auth/XUI/libs/requirejs-2.1.14-min.js, line 8: Error: Script error for: config/AppConfiguration
http://requirejs.org/docs/errors.html#scripterror
JavaScript error: https://mon-compte.enedis.fr/auth/XUI/libs/requirejs-2.1.14-min.js, line 8: Error: Script error for: config/ThemeConfiguration
http://requirejs.org/docs/errors.html#scripterror
1615298073505	Marionette	INFO	Stopped listening on port 53357

###!!! [Child][RunMessage] Error: Channel closing: too late to send/recv, messages will be lost

1615298096250	geckodriver	INFO	Listening on 127.0.0.1:53524
1615298099350	mozrunner::runner	INFO	Running command: "C:\\Program Files\\Mozilla Firefox\\firefox.exe" "--marionette" "-foreground" "-no-remote" "-profile" "C:\\Users\\x-wing\\AppData\\Local\\Temp\\rust_mozprofileAiz2us"
JavaScript error: resource://gre/modules/XULStore.jsm, line 66: Error: Can't find profile directory.
console.warn: SearchSettings: "get: No settings file exists, new profile?" (new Error("", "(unknown module)"))
1615298101419	Marionette	INFO	Listening on port 53534
1615298101473	Marionette	WARN	TLS certificate errors will be ignored for this session
1615298107285	Marionette	WARN	Ignoring event 'DOMContentLoaded' because document has an invalid readyState of 'complete'.
1615298121416	Marionette	INFO	Stopped listening on port 53534

###!!! [Child][RunMessage] Error: Channel closing: too late to send/recv, messages will be lost

1615299143581	geckodriver	INFO	Listening on 127.0.0.1:53991
1615299146697	mozrunner::runner	INFO	Running command: "C:\\Program Files\\Mozilla Firefox\\firefox.exe" "--marionette" "-foreground" "-no-remote" "-profile" "C:\\Users\\x-wing\\AppData\\Local\\Temp\\rust_mozprofilefI9ouS"
console.warn: SearchSettings: "get: No settings file exists, new profile?" (new Error("", "(unknown module)"))
1615299148582	Marionette	INFO	Listening on port 54000
1615299148725	Marionette	WARN	TLS certificate errors will be ignored for this session
1615299248276	Marionette	WARN	Ignoring event 'DOMContentLoaded' because document has an invalid readyState of 'complete'.
1615299263638	Marionette	INFO	Stopped listening on port 54000

###!!! [Child][RunMessage] Error: Channel closing: too late to send/recv, messages will be lost

"--marionette" "-foreground" "-no-remote" "-profile" "C:\\Users\\x-wing\\AppData\\Local\\Temp\\rust_mozprofileZSw6ok"
console.warn: SearchSettings: "get: No settings file exists, new profile?" (new Error("", "(unknown module)"))
1615299258462	Marionette	INFO	Listening on port 54127
1615299258507	Marionette	WARN	TLS certificate errors will be ignored for this session
1615299270904	Marionette	WARN	Ignoring event 'DOMContentLoaded' because document has an invalid readyState of 'complete'.
1615299282002	Marionette	INFO	Stopped listening on port 54127

###!!! [Child][RunMessage] Error: Channel closing: too late to send/recv, messages will be lost

1615299305606	geckodriver	INFO	Listening on 127.0.0.1:54280
1615299308717	mozrunner::runner	INFO	Running command: "C:\\Program Files\\Mozilla Firefox\\firefox.exe" "--marionette" "-foreground" "-no-remote" "-profile" "C:\\Users\\x-wing\\AppData\\Local\\Temp\\rust_mozprofileHiSAgM"
console.warn: SearchSettings: "get: No settings file exists, new profile?" (new Error("", "(unknown module)"))
1615299310610	Marionette	INFO	Listening on port 54289
1615299310736	Marionette	WARN	TLS certificate errors will be ignored for this session
1615299320592	Marionette	WARN	Ignoring event 'DOMContentLoaded' because document has an invalid readyState of 'complete'.
JavaScript error: , line 0: uncaught exception: Timeout (j)
1615299377701	Marionette	INFO	Stopped listening on port 54289

###!!! [Child][RunMessage] Error: Channel closing: too late to send/recv, messages will be lost

1615299422593	geckodriver	INFO	Listening on 127.0.0.1:54402
1615299425704	mozrunner::runner	INFO	Running command: "C:\\Program Files\\Mozilla Firefox\\firefox.exe" "--marionette" "-foreground" "-no-remote" "-profile" "C:\\Users\\x-wing\\AppData\\Local\\Temp\\rust_mozprofileU0rMxi"
console.warn: SearchSettings: "get: No settings file exists, new profile?" (new Error("", "(unknown module)"))
1615299427638	Marionette	INFO	Listening on port 54410
1615299427732	Marionette	WARN	TLS certificate errors will be ignored for this session
1615299446605	Marionette	WARN	Ignoring event 'DOMContentLoaded' because document has an invalid readyState of 'complete'.
JavaScript error: https://www.gstatic.com/recaptcha/releases/4eHYAlZEVyrAlR9UNnRUmNcL/recaptcha__fr.js, line 54: Error: No reCAPTCHA clients exist.
1615299610120	Marionette	INFO	Stopped listening on port 54410

###!!! [Child][RunMessage] Error: Channel closing: too late to send/recv, messages will be lost

"--marionette" "-foreground" "-no-remote" "-profile" "C:\\Users\\x-wing\\AppData\\Local\\Temp\\rust_mozprofileLqy2Nk"
console.warn: SearchSettings: "get: No settings file exists, new profile?" (new Error("", "(unknown module)"))
1615299605019	Marionette	INFO	Listening on port 54603
1615299605062	Marionette	WARN	TLS certificate errors will be ignored for this session
1615299635208	Marionette	WARN	Ignoring event 'DOMContentLoaded' because document has an invalid readyState of 'complete'.
1615299670748	Marionette	INFO	Stopped listening on port 54603
1615299672534	geckodriver	INFO	Listening on 127.0.0.1:54807
1615299675654	mozrunner::runner	INFO	Running command: "C:\\Program Files\\Mozilla Firefox\\firefox.exe" "--marionette" "-foreground" "-no-remote" "-profile" "C:\\Users\\x-wing\\AppData\\Local\\Temp\\rust_mozprofileVpohxp"
console.warn: SearchSettings: "get: No settings file exists, new profile?" (new Error("", "(unknown module)"))
1615299677809	Marionette	INFO	Listening on port 54817
1615299678280	Marionette	WARN	TLS certificate errors will be ignored for this session
1615299733650	Marionette	WARN	Ignoring event 'DOMContentLoaded' because document has an invalid readyState of 'complete'.
1615299752721	Marionette	INFO	Stopped listening on port 54817
1615299760198	geckodriver	INFO	Listening on 127.0.0.1:54977
1615299763317	mozrunner::runner	INFO	Running command: "C:\\Program Files\\Mozilla Firefox\\firefox.exe" "--marionette" "-foreground" "-no-remote" "-profile" "C:\\Users\\x-wing\\AppData\\Local\\Temp\\rust_mozprofilej7N5Wg"
console.warn: SearchSettings: "get: No settings file exists, new profile?" (new Error("", "(unknown module)"))
1615299765169	Marionette	INFO	Listening on port 54987
1615299765339	Marionette	WARN	TLS certificate errors will be ignored for this session
1615299836511	Marionette	WARN	Ignoring event 'DOMContentLoaded' because document has an invalid readyState of 'complete'.
JavaScript error: https://www.gstatic.com/recaptcha/releases/4eHYAlZEVyrAlR9UNnRUmNcL/recaptcha__fr.js, line 54: Error: No reCAPTCHA clients exist.
1615300175942	Marionette	INFO	Stopped listening on port 54987

###!!! [Child][RunMessage] Error: Channel closing: too late to send/recv, messages will be lost

"--marionette" "-foreground" "-no-remote" "-profile" "C:\\Users\\x-wing\\AppData\\Local\\Temp\\rust_mozprofileHvYXGB"
console.warn: SearchSettings: "get: No settings file exists, new profile?" (new Error("", "(unknown module)"))
1615300171992	Marionette	INFO	Listening on port 55198
1615300172050	Marionette	WARN	TLS certificate errors will be ignored for this session
1615300184375	Marionette	WARN	Ignoring event 'DOMContentLoaded' because document has an invalid readyState of 'complete'.
JavaScript error: https://www.gstatic.com/recaptcha/releases/4eHYAlZEVyrAlR9UNnRUmNcL/recaptcha__fr.js, line 54: Error: No reCAPTCHA clients exist.
1615300292088	Marionette	INFO	Stopped listening on port 55198

###!!! [Child][RunMessage] Error: Channel closing: too late to send/recv, messages will be lost

"--marionette" "-foreground" "-no-remote" "-profile" "C:\\Users\\x-wing\\AppData\\Local\\Temp\\rust_mozprofileFrgmwe"
console.warn: SearchSettings: "get: No settings file exists, new profile?" (new Error("", "(unknown module)"))
1615300293832	Marionette	INFO	Listening on port 55342
1615300293890	Marionette	WARN	TLS certificate errors will be ignored for this session
1615300322426	Marionette	WARN	Ignoring event 'DOMContentLoaded' because document has an invalid readyState of 'complete'.
JavaScript error: https://www.gstatic.com/recaptcha/releases/4eHYAlZEVyrAlR9UNnRUmNcL/recaptcha__fr.js, line 54: Error: No reCAPTCHA clients exist.
1615300449534	Marionette	INFO	Stopped listening on port 55342

###!!! [Child][RunMessage] Error: Channel closing: too late to send/recv, messages will be lost

1615300659013	geckodriver	INFO	Listening on 127.0.0.1:55748
1615300662144	mozrunner::runner	INFO	Running command: "C:\\Program Files\\Mozilla Firefox\\firefox.exe" "--marionette" "-foreground" "-no-remote" "-profile" "C:\\Users\\x-wing\\AppData\\Local\\Temp\\rust_mozprofileG3VwCK"
console.warn: SearchSettings: "get: No settings file exists, new profile?" (new Error("", "(unknown module)"))
1615300664030	Marionette	INFO	Listening on port 55756
1615300664175	Marionette	WARN	TLS certificate errors will be ignored for this session
1615300740436	Marionette	WARN	Ignoring event 'DOMContentLoaded' because document has an invalid readyState of 'complete'.
console.error: (new TypeError("parent is null", "resource://devtools/client/inspector/shared/style-change-tracker.js", 67))
TypeError: parent is null: canMutationImpactCurrentStyles@resource://devtools/client/inspector/shared/style-change-tracker.js:67:24
onMutations@resource://devtools/client/inspector/shared/style-change-tracker.js:84:41
_emit@resource://devtools/shared/event-emitter.js:226:34
emit@resource://devtools/shared/event-emitter.js:172:18
emit@resource://devtools/shared/event-emitter.js:324:18
getMutations@resource://devtools/client/fronts/walker.js:358:10

console.error: (new TypeError("container.node.targetFront is null", "resource://devtools/client/inspector/markup/markup.js", 2305))
console.error: (new TypeError("container.node.targetFront is null", "resource://devtools/client/inspector/markup/markup.js", 2305))
console.error: (new TypeError("container.node.targetFront is null", "resource://devtools/client/inspector/markup/markup.js", 2305))
JavaScript error: https://www.gstatic.com/recaptcha/releases/4eHYAlZEVyrAlR9UNnRUmNcL/recaptcha__fr.js, line 54: Error: No reCAPTCHA clients exist.
console.error: "Error writing request: getGrids"
1615300972809	Marionette	INFO	Stopped listening on port 55756

###!!! [Child][RunMessage] Error: Channel closing: too late to send/recv, messages will be lost

1615300978914	geckodriver	INFO	Listening on 127.0.0.1:56046
1615300982038	mozrunner::runner	INFO	Running command: "C:\\Program Files\\Mozilla Firefox\\firefox.exe" "--marionette" "-foreground" "-no-remote" "-profile" "C:\\Users\\x-wing\\AppData\\Local\\Temp\\rust_mozprofileUEHJ94"
console.warn: SearchSettings: "get: No settings file exists, new profile?" (new Error("", "(unknown module)"))
1615300983895	Marionette	INFO	Listening on port 56054
1615300984060	Marionette	WARN	TLS certificate errors will be ignored for this session
1615301031950	Marionette	INFO	Stopped listening on port 56054
1615301048655	geckodriver	INFO	Listening on 127.0.0.1:56194
1615301051772	mozrunner::runner	INFO	Running command: "C:\\Program Files\\Mozilla Firefox\\firefox.exe" "--marionette" "-foreground" "-no-remote" "-profile" "C:\\Users\\x-wing\\AppData\\Local\\Temp\\rust_mozprofileAIik39"
console.warn: SearchSettings: "get: No settings file exists, new profile?" (new Error("", "(unknown module)"))
1615301053593	Marionette	INFO	Listening on port 56202
1615301053799	Marionette	WARN	TLS certificate errors will be ignored for this session
1615301127820	Marionette	WARN	Ignoring event 'DOMContentLoaded' because document has an invalid readyState of 'complete'.
JavaScript error: https://www.gstatic.com/recaptcha/releases/4eHYAlZEVyrAlR9UNnRUmNcL/recaptcha__fr.js, line 54: Error: No reCAPTCHA clients exist.
console.log: WebExtensions: reset-default-search: No addons in our list are installed.
1615302143996	Marionette	INFO	Stopped listening on port 56202

###!!! [Child][RunMessage] Error: Channel closing: too late to send/recv, messages will be lost

"--marionette" "-foreground" "-no-remote" "-profile" "C:\\Users\\x-wing\\AppData\\Local\\Temp\\rust_mozprofileVvJG6O"
console.warn: SearchSettings: "get: No settings file exists, new profile?" (new Error("", "(unknown module)"))
1615302111007	Marionette	INFO	Listening on port 56470
1615302111468	Marionette	WARN	TLS certificate errors will be ignored for this session
1615302262599	Marionette	WARN	Ignoring event 'DOMContentLoaded' because document has an invalid readyState of 'complete'.
JavaScript error: resource:///modules/FaviconLoader.jsm, line 596: InvalidStateError: JSWindowActorChild.sendAsyncMessage: JSWindowActorChild cannot send at the moment
JavaScript error: https://www.gstatic.com/recaptcha/releases/4eHYAlZEVyrAlR9UNnRUmNcL/recaptcha__fr.js, line 54: Error: No reCAPTCHA clients exist.
JavaScript error: https://www.e-plans.fr/bundles/js/AppuisCommuns_DemandeAppuisCommuns.js, line 2: TypeError: Cannot call a class as a function
1615302579450	Marionette	INFO	Stopped listening on port 56470

###!!! [Child][RunMessage] Error: Channel closing: too late to send/recv, messages will be lost

1615302580231	geckodriver	INFO	Listening on 127.0.0.1:56744
1615302583365	mozrunner::runner	INFO	Running command: "C:\\Program Files\\Mozilla Firefox\\firefox.exe" "--marionette" "-foreground" "-no-remote" "-profile" "C:\\Users\\x-wing\\AppData\\Local\\Temp\\rust_mozprofileWynBLn"
console.warn: SearchSettings: "get: No settings file exists, new profile?" (new Error("", "(unknown module)"))
1615302585945	Marionette	INFO	Listening on port 56752
1615302585992	Marionette	WARN	TLS certificate errors will be ignored for this session
1615302677028	Marionette	WARN	Ignoring event 'DOMContentLoaded' because document has an invalid readyState of 'complete'.
JavaScript error: https://www.gstatic.com/recaptcha/releases/4eHYAlZEVyrAlR9UNnRUmNcL/recaptcha__fr.js, line 54: Error: No reCAPTCHA clients exist.
1615302751132	Marionette	INFO	Stopped listening on port 56752

###!!! [Child][RunMessage] Error: Channel closing: too late to send/recv, messages will be lost

1615302979757	geckodriver	INFO	Listening on 127.0.0.1:56953
1615302982864	mozrunner::runner	INFO	Running command: "C:\\Program Files\\Mozilla Firefox\\firefox.exe" "--marionette" "-foreground" "-no-remote" "-profile" "C:\\Users\\x-wing\\AppData\\Local\\Temp\\rust_mozprofileszfPvb"
console.warn: SearchSettings: "get: No settings file exists, new profile?" (new Error("", "(unknown module)"))
1615302984730	Marionette	INFO	Listening on port 56961
1615302984886	Marionette	WARN	TLS certificate errors will be ignored for this session
1615303016788	Marionette	WARN	Ignoring event 'DOMContentLoaded' because document has an invalid readyState of 'complete'.
JavaScript error: https://www.gstatic.com/recaptcha/releases/4eHYAlZEVyrAlR9UNnRUmNcL/recaptcha__fr.js, line 54: Error: No reCAPTCHA clients exist.
1615303168507	Marionette	INFO	Stopped listening on port 56961

###!!! [Child][RunMessage] Error: Channel closing: too late to send/recv, messages will be lost

1615303188063	geckodriver	INFO	Listening on 127.0.0.1:57241
1615303191178	mozrunner::runner	INFO	Running command: "C:\\Program Files\\Mozilla Firefox\\firefox.exe" "--marionette" "-foreground" "-no-remote" "-profile" "C:\\Users\\x-wing\\AppData\\Local\\Temp\\rust_mozprofilelo8UXj"
console.warn: SearchSettings: "get: No settings file exists, new profile?" (new Error("", "(unknown module)"))
1615303193383	Marionette	INFO	Listening on port 57251
1615303193804	Marionette	WARN	TLS certificate errors will be ignored for this session
1615303193806	Marionette	INFO	Proxy settings initialised: {"proxyType":"manual","ftpProxy":"159.203.87.130:3128","httpProxy":"159.203.87.130:3128","sslProxy":"159.203.87.130:3128"}
1615303209084	Marionette	WARN	Ignoring event 'pageshow' because document has an invalid readyState of 'interactive'.
JavaScript error: resource://activity-stream/lib/ASRouter.jsm, line 988: NS_ERROR_ILLEGAL_VALUE: Component returned failure code: 0x80070057 (NS_ERROR_ILLEGAL_VALUE) [nsIObserverService.removeObserver]
[Parent 18436, IPC I/O Parent] WARNING: file /builds/worker/checkouts/gecko/ipc/chromium/src/base/process_util_win.cc:167
1615303226735	Marionette	INFO	Stopped listening on port 57251

###!!! [Child][RunMessage] Error: Channel closing: too late to send/recv, messages will be lost

1615303229651	geckodriver	INFO	Listening on 127.0.0.1:57345
1615303232781	mozrunner::runner	INFO	Running command: "C:\\Program Files\\Mozilla Firefox\\firefox.exe" "--marionette" "-foreground" "-no-remote" "-profile" "C:\\Users\\x-wing\\AppData\\Local\\Temp\\rust_mozprofileQz97Nf"
console.warn: SearchSettings: "get: No settings file exists, new profile?" (new Error("", "(unknown module)"))
1615303234624	Marionette	INFO	Listening on port 57353
1615303234799	Marionette	WARN	TLS certificate errors will be ignored for this session
1615303264856	Marionette	WARN	TimedPromise timed out after 500 ms: stacktrace:
TimedPromise/<@chrome://marionette/content/sync.js:231:19
TimedPromise@chrome://marionette/content/sync.js:216:10
interaction.flushEventLoop@chrome://marionette/content/interaction.js:433:10
webdriverClickElement@chrome://marionette/content/interaction.js:179:31
1615303274134	Marionette	WARN	Ignoring event 'DOMContentLoaded' because document has an invalid readyState of 'complete'.
JavaScript error: https://www.gstatic.com/recaptcha/releases/4eHYAlZEVyrAlR9UNnRUmNcL/recaptcha__fr.js, line 54: Error: No reCAPTCHA clients exist.
1615303381642	Marionette	INFO	Stopped listening on port 57353

###!!! [Child][RunMessage] Error: Channel closing: too late to send/recv, messages will be lost

1615303688139	geckodriver	INFO	Listening on 127.0.0.1:57600
1615303691248	mozrunner::runner	INFO	Running command: "C:\\Program Files\\Mozilla Firefox\\firefox.exe" "--marionette" "-foreground" "-no-remote" "-profile" "C:\\Users\\x-wing\\AppData\\Local\\Temp\\rust_mozprofileD5Z3qM"
console.warn: SearchSettings: "get: No settings file exists, new profile?" (new Error("", "(unknown module)"))
1615303693162	Marionette	INFO	Listening on port 57608
1615303693269	Marionette	WARN	TLS certificate errors will be ignored for this session
1615303695522	Marionette	WARN	Ignoring event 'DOMContentLoaded' because document has an invalid readyState of 'complete'.
JavaScript error: https://www.gstatic.com/recaptcha/releases/4eHYAlZEVyrAlR9UNnRUmNcL/recaptcha__fr.js, line 54: Error: No reCAPTCHA clients exist.
JavaScript error: https://www.e-plans.fr/bundles/js/AppuisCommuns_DemandeAppuisCommuns.js, line 2: TypeError: Cannot call a class as a function
JavaScript error: https://www.e-plans.fr/bundles/js/AppuisCommuns_DemandeAppuisCommuns.js, line 2: TypeError: Cannot call a class as a function
JavaScript error: https://www.e-plans.fr/bundles/js/AppuisCommuns_DemandeAppuisCommuns.js, line 2: TypeError: Cannot call a class as a function
JavaScript error: https://www.e-plans.fr/bundles/js/AppuisCommuns_DemandeAppuisCommuns.js, line 2: TypeError: Cannot call a class as a function
1615303872134	Marionette	INFO	Stopped listening on port 57608

###!!! [Child][RunMessage] Error: Channel closing: too late to send/recv, messages will be lost

"--marionette" "-foreground" "-no-remote" "-profile" "C:\\Users\\x-wing\\AppData\\Local\\Temp\\rust_mozprofilejgP5z7"
console.warn: SearchSettings: "get: No settings file exists, new profile?" (new Error("", "(unknown module)"))
1615303862976	Marionette	INFO	Listening on port 57800
1615303863431	Marionette	WARN	TLS certificate errors will be ignored for this session
1615303873627	Marionette	WARN	Ignoring event 'DOMContentLoaded' because document has an invalid readyState of 'complete'.
JavaScript error: https://www.gstatic.com/recaptcha/releases/4eHYAlZEVyrAlR9UNnRUmNcL/recaptcha__fr.js, line 54: Error: No reCAPTCHA clients exist.
1615303990637	Marionette	WARN	Ignoring event 'DOMContentLoaded' because document has an invalid readyState of 'complete'.
1615304033283	Marionette	INFO	Stopped listening on port 57800

###!!! [Child][RunMessage] Error: Channel closing: too late to send/recv, messages will be lost

"--marionette" "-foreground" "-no-remote" "-profile" "C:\\Users\\x-wing\\AppData\\Local\\Temp\\rust_mozprofileN6c0M7"
console.warn: SearchSettings: "get: No settings file exists, new profile?" (new Error("", "(unknown module)"))
1615304031143	Marionette	INFO	Listening on port 58037
1615304031246	Marionette	WARN	TLS certificate errors will be ignored for this session
1615304034958	Marionette	WARN	Ignoring event 'DOMContentLoaded' because document has an invalid readyState of 'complete'.
JavaScript error: https://www.gstatic.com/recaptcha/releases/4eHYAlZEVyrAlR9UNnRUmNcL/recaptcha__fr.js, line 54: Error: No reCAPTCHA clients exist.
JavaScript error: https://www.e-plans.fr/bundles/js/AppuisCommuns_DemandeAppuisCommuns.js, line 2: TypeError: Cannot call a class as a function
console.log: WebExtensions: reset-default-search: No addons in our list are installed.
1615304969883	Marionette	INFO	Stopped listening on port 58037

###!!! [Child][RunMessage] Error: Channel closing: too late to send/recv, messages will be lost

\Temp\\rust_mozprofilepEIfP8"
console.warn: SearchSettings: "get: No settings file exists, new profile?" (new Error("", "(unknown module)"))
1615304187366	Marionette	INFO	Listening on port 58240
1615304187434	Marionette	WARN	TLS certificate errors will be ignored for this session
1615304189038	Marionette	WARN	Ignoring event 'DOMContentLoaded' because document has an invalid readyState of 'complete'.
JavaScript error: https://www.gstatic.com/recaptcha/releases/4eHYAlZEVyrAlR9UNnRUmNcL/recaptcha__fr.js, line 54: Error: No reCAPTCHA clients exist.
1615304248475	Marionette	WARN	Ignoring event 'DOMContentLoaded' because document has an invalid readyState of 'complete'.
JavaScript error: https://www.e-plans.fr/bundles/js/AppuisCommuns_DemandeAppuisCommuns.js, line 2: TypeError: Cannot call a class as a function
JavaScript error: https://www.e-plans.fr/bundles/js/AppuisCommuns_DemandeAppuisCommuns.js, line 2: TypeError: Cannot call a class as a function
JavaScript error: https://www.e-plans.fr/bundles/js/AppuisCommuns_DemandeAppuisCommuns.js, line 2: TypeError: Cannot call a class as a function
JavaScript error: https://www.e-plans.fr/bundles/js/AppuisCommuns_DemandeAppuisCommuns.js, line 2: TypeError: Cannot call a class as a function
JavaScript error: https://www.e-plans.fr/bundles/js/AppuisCommuns_DemandeAppuisCommuns.js, line 2: TypeError: Cannot call a class as a function
JavaScript error: https://www.e-plans.fr/bundles/js/AppuisCommuns_DemandeAppuisCommuns.js, line 2: TypeError: Cannot call a class as a function
JavaScript error: https://www.e-plans.fr/bundles/js/AppuisCommuns_DemandeAppuisCommuns.js, line 2: TypeError: Cannot call a class as a function
JavaScript error: https://www.e-plans.fr/bundles/js/AppuisCommuns_DemandeAppuisCommuns.js, line 2: TypeError: Cannot call a class as a function
JavaScript error: https://www.e-plans.fr/bundles/js/AppuisCommuns_DemandeAppuisCommuns.js, line 2: TypeError: Cannot call a class as a function
JavaScript error: https://www.e-plans.fr/bundles/js/AppuisCommuns_DemandeAppuisCommuns.js, line 2: TypeError: Cannot call a class as a function
JavaScript error: https://www.e-plans.fr/bundles/js/AppuisCommuns_DemandeAppuisCommuns.js, line 2: TypeError: Cannot call a class as a function
JavaScript error: https://www.e-plans.fr/bundles/js/AppuisCommuns_DemandeAppuisCommuns.js, line 2: TypeError: Cannot call a class as a function
JavaScript error: https://www.e-plans.fr/bundles/js/AppuisCommuns_DemandeAppuisCommuns.js, line 2: TypeError: Cannot call a class as a function
JavaScript error: https://www.e-plans.fr/bundles/js/AppuisCommuns_DemandeAppuisCommuns.js, line 2: TypeError: Cannot call a class as a function
JavaScript error: https://www.e-plans.fr/bundles/js/AppuisCommuns_DemandeAppuisCommuns.js, line 2: TypeError: Cannot call a class as a function
JavaScript error: https://www.e-plans.fr/bundles/js/AppuisCommuns_DemandeAppuisCommuns.js, line 2: TypeError: Cannot call a class as a function
console.log: WebExtensions: reset-default-search: No addons in our list are installed.
JavaScript error: https://www.e-plans.fr/bundles/js/AppuisCommuns_DemandeAppuisCommuns.js, line 2: TypeError: Cannot call a class as a function
JavaScript error: https://www.e-plans.fr/bundles/js/AppuisCommuns_DemandeAppuisCommuns.js, line 2: TypeError: Cannot call a class as a function
1615304970720	Marionette	INFO	Stopped listening on port 58240

###!!! [Child][RunMessage] Error: Channel closing: too late to send/recv, messages will be lost

1615304982756	geckodriver	INFO	Listening on 127.0.0.1:58517
1615304985862	mozrunner::runner	INFO	Running command: "C:\\Program Files\\Mozilla Firefox\\firefox.exe" "--marionette" "-foreground" "-no-remote" "-profile" "C:\\Users\\x-wing\\AppData\\Local\\Temp\\rust_mozprofilee4x2fH"
console.warn: SearchSettings: "get: No settings file exists, new profile?" (new Error("", "(unknown module)"))
1615304987808	Marionette	INFO	Listening on port 58525
1615304987889	Marionette	WARN	TLS certificate errors will be ignored for this session
1615304989696	Marionette	WARN	Ignoring event 'DOMContentLoaded' because document has an invalid readyState of 'complete'.
JavaScript error: https://www.gstatic.com/recaptcha/releases/4eHYAlZEVyrAlR9UNnRUmNcL/recaptcha__fr.js, line 54: Error: No reCAPTCHA clients exist.
1615305008309	Marionette	WARN	Ignoring event 'DOMContentLoaded' because document has an invalid readyState of 'complete'.
JavaScript error: https://www.e-plans.fr/bundles/js/AppuisCommuns_DemandeAppuisCommuns.js, line 2: TypeError: Cannot call a class as a function
JavaScript error: https://www.e-plans.fr/bundles/js/AppuisCommuns_DemandeAppuisCommuns.js, line 2: TypeError: Cannot call a class as a function
JavaScript error: https://www.e-plans.fr/bundles/js/AppuisCommuns_DemandeAppuisCommuns.js, line 2: TypeError: Cannot call a class as a function
JavaScript error: https://www.e-plans.fr/bundles/js/AppuisCommuns_DemandeAppuisCommuns.js, line 2: TypeError: Cannot call a class as a function
JavaScript error: https://www.e-plans.fr/bundles/js/AppuisCommuns_DemandeAppuisCommuns.js, line 2: TypeError: Cannot call a class as a function
JavaScript error: https://www.e-plans.fr/bundles/js/AppuisCommuns_DemandeAppuisCommuns.js, line 2: TypeError: Cannot call a class as a function
JavaScript error: https://www.e-plans.fr/bundles/js/AppuisCommuns_DemandeAppuisCommuns.js, line 2: TypeError: Cannot call a class as a function
JavaScript error: https://www.e-plans.fr/bundles/js/AppuisCommuns_DemandeAppuisCommuns.js, line 2: TypeError: Cannot call a class as a function
JavaScript error: https://www.e-plans.fr/bundles/js/AppuisCommuns_DemandeAppuisCommuns.js, line 2: TypeError: Cannot call a class as a function
JavaScript error: https://www.e-plans.fr/bundles/js/AppuisCommuns_DemandeAppuisCommuns.js, line 2: TypeError: Cannot call a class as a function
JavaScript error: https://www.e-plans.fr/bundles/js/AppuisCommuns_DemandeAppuisCommuns.js, line 2: TypeError: Cannot call a class as a function
JavaScript error: https://www.e-plans.fr/bundles/js/AppuisCommuns_DemandeAppuisCommuns.js, line 2: TypeError: Cannot call a class as a function
JavaScript error: https://www.e-plans.fr/bundles/js/AppuisCommuns_DemandeAppuisCommuns.js, line 2: TypeError: Cannot call a class as a function
JavaScript error: https://www.e-plans.fr/bundles/js/AppuisCommuns_DemandeAppuisCommuns.js, line 2: TypeError: Cannot call a class as a function
JavaScript error: https://www.e-plans.fr/bundles/js/AppuisCommuns_DemandeAppuisCommuns.js, line 2: TypeError: Cannot call a class as a function
JavaScript error: https://www.e-plans.fr/bundles/js/AppuisCommuns_DemandeAppuisCommuns.js, line 2: TypeError: Cannot call a class as a function
1615305285641	Marionette	INFO	Stopped listening on port 58525

###!!! [Child][RunMessage] Error: Channel closing: too late to send/recv, messages will be lost

1615313036350	geckodriver	INFO	Listening on 127.0.0.1:53285
1615313039471	mozrunner::runner	INFO	Running command: "C:\\Program Files\\Mozilla Firefox\\firefox.exe" "--marionette" "-foreground" "-no-remote" "-profile" "C:\\Users\\x-wing\\AppData\\Local\\Temp\\rust_mozprofileeRTu42"
console.warn: SearchSettings: "get: No settings file exists, new profile?" (new Error("", "(unknown module)"))
1615313041757	Marionette	INFO	Listening on port 53303
1615313042112	Marionette	WARN	TLS certificate errors will be ignored for this session
1615313044900	Marionette	WARN	Ignoring event 'DOMContentLoaded' because document has an invalid readyState of 'complete'.
JavaScript error: https://www.gstatic.com/recaptcha/releases/4eHYAlZEVyrAlR9UNnRUmNcL/recaptcha__fr.js, line 54: Error: No reCAPTCHA clients exist.
1615314892453	Marionette	INFO	Stopped listening on port 53303

###!!! [Child][RunMessage] Error: Channel closing: too late to send/recv, messages will be lost

1615315564335	geckodriver	INFO	Listening on 127.0.0.1:53767
1615315567739	mozrunner::runner	INFO	Running command: "C:\\Program Files\\Mozilla Firefox\\firefox.exe" "--marionette" "-foreground" "-no-remote" "-profile" "C:\\Users\\x-wing\\AppData\\Local\\Temp\\rust_mozprofilenOngIk"
console.warn: SearchSettings: "get: No settings file exists, new profile?" (new Error("", "(unknown module)"))
1615315573526	Marionette	INFO	Listening on port 53775
1615315574004	Marionette	WARN	TLS certificate errors will be ignored for this session
1615315804212	Marionette	WARN	Ignoring event 'DOMContentLoaded' because document has an invalid readyState of 'complete'.
1615315818897	Marionette	INFO	Stopped listening on port 53775

###!!! [Child][RunMessage] Error: Channel closing: too late to send/recv, messages will be lost

1615315995536	geckodriver	INFO	Listening on 127.0.0.1:54014
1615315998859	mozrunner::runner	INFO	Running command: "C:\\Program Files\\Mozilla Firefox\\firefox.exe" "--marionette" "-foreground" "-no-remote" "-profile" "C:\\Users\\x-wing\\AppData\\Local\\Temp\\rust_mozprofileCUj6gY"
console.warn: SearchSettings: "get: No settings file exists, new profile?" (new Error("", "(unknown module)"))
1615316004037	Marionette	INFO	Listening on port 54022
1615316004124	Marionette	WARN	TLS certificate errors will be ignored for this session
1615316006940	Marionette	WARN	Ignoring event 'DOMContentLoaded' because document has an invalid readyState of 'complete'.
JavaScript error: https://www.gstatic.com/recaptcha/releases/4eHYAlZEVyrAlR9UNnRUmNcL/recaptcha__fr.js, line 54: Error: No reCAPTCHA clients exist.
JavaScript error: https://www.e-plans.fr/bundles/js/AppuisCommuns_DemandeAppuisCommuns.js, line 2: TypeError: Cannot call a class as a function
JavaScript error: https://www.e-plans.fr/bundles/js/AppuisCommuns_DemandeAppuisCommuns.js, line 2: TypeError: Cannot call a class as a function
JavaScript error: https://www.e-plans.fr/bundles/js/AppuisCommuns_DemandeAppuisCommuns.js, line 2: TypeError: Cannot call a class as a function
1615316069663	Marionette	WARN	TimedPromise timed out after 500 ms: stacktrace:
TimedPromise/<@chrome://marionette/content/sync.js:231:19
TimedPromise@chrome://marionette/content/sync.js:216:10
interaction.flushEventLoop@chrome://marionette/content/interaction.js:433:10
webdriverClickElement@chrome://marionette/content/interaction.js:179:31
JavaScript error: https://www.e-plans.fr/bundles/js/AppuisCommuns_DemandeAppuisCommuns.js, line 2: TypeError: Cannot call a class as a function
1615316079403	Marionette	WARN	TimedPromise timed out after 500 ms: stacktrace:
TimedPromise/<@chrome://marionette/content/sync.js:231:19
TimedPromise@chrome://marionette/content/sync.js:216:10
interaction.flushEventLoop@chrome://marionette/content/interaction.js:433:10
webdriverClickElement@chrome://marionette/content/interaction.js:179:31
JavaScript error: https://www.e-plans.fr/bundles/js/AppuisCommuns_DemandeAppuisCommuns.js, line 2: TypeError: Cannot call a class as a function
JavaScript error: https://www.e-plans.fr/bundles/js/AppuisCommuns_DemandeAppuisCommuns.js, line 2: TypeError: Cannot call a class as a function
JavaScript error: https://www.e-plans.fr/bundles/js/AppuisCommuns_DemandeAppuisCommuns.js, line 2: TypeError: Cannot call a class as a function
JavaScript error: https://www.e-plans.fr/bundles/js/AppuisCommuns_DemandeAppuisCommuns.js, line 2: TypeError: Cannot call a class as a function
JavaScript error: https://www.e-plans.fr/bundles/js/AppuisCommuns_DemandeAppuisCommuns.js, line 2: TypeError: Cannot call a class as a function
JavaScript error: https://www.e-plans.fr/bundles/js/AppuisCommuns_DemandeAppuisCommuns.js, line 2: TypeError: Cannot call a class as a function
JavaScript error: https://www.e-plans.fr/bundles/js/AppuisCommuns_DemandeAppuisCommuns.js, line 2: TypeError: Cannot call a class as a function
JavaScript error: https://www.e-plans.fr/bundles/js/AppuisCommuns_DemandeAppuisCommuns.js, line 2: TypeError: Cannot call a class as a function
JavaScript error: https://www.e-plans.fr/bundles/js/AppuisCommuns_DemandeAppuisCommuns.js, line 2: TypeError: Cannot call a class as a function
JavaScript error: https://www.e-plans.fr/bundles/js/AppuisCommuns_DemandeAppuisCommuns.js, line 2: TypeError: Cannot call a class as a function
JavaScript error: https://www.e-plans.fr/bundles/js/AppuisCommuns_DemandeAppuisCommuns.js, line 2: TypeError: Cannot call a class as a function
JavaScript error: https://www.e-plans.fr/bundles/js/AppuisCommuns_DemandeAppuisCommuns.js, line 2: TypeError: Cannot call a class as a function
JavaScript error: https://www.e-plans.fr/bundles/js/AppuisCommuns_DemandeAppuisCommuns.js, line 2: TypeError: Cannot call a class as a function
console.log: WebExtensions: reset-default-search: No addons in our list are installed.
1615317499316	Marionette	INFO	Stopped listening on port 54022
5316850301	mozrunner::runner	INFO	Running command: "C:\\Program Files\\Mozilla Firefox\\firefox.exe" "--marionette" "-foreground" "-no-remote" "-profile" "C:\\Users\\x-wing\\AppData\\Local\\Temp\\rust_mozprofilevtRcoH"
console.warn: SearchSettings: "get: No settings file exists, new profile?" (new Error("", "(unknown module)"))
1615316855699	Marionette	INFO	Listening on port 54454
1615316856064	Marionette	WARN	TLS certificate errors will be ignored for this session
1615316858615	Marionette	WARN	Ignoring event 'DOMContentLoaded' because document has an invalid readyState of 'complete'.
1615317309745	Marionette	INFO	Stopped listening on port 54454

###!!! [Child][RunMessage] Error: Channel closing: too late to send/recv, messages will be lost

1615317323044	geckodriver	INFO	Listening on 127.0.0.1:54691
1615317326368	mozrunner::runner	INFO	Running command: "C:\\Program Files\\Mozilla Firefox\\firefox.exe" "--marionette" "-foreground" "-no-remote" "-profile" "C:\\Users\\x-wing\\AppData\\Local\\Temp\\rust_mozprofilej1zTwG"
console.warn: SearchSettings: "get: No settings file exists, new profile?" (new Error("", "(unknown module)"))
1615317331870	Marionette	INFO	Listening on port 54700
1615317332128	Marionette	WARN	TLS certificate errors will be ignored for this session
1615317335288	Marionette	WARN	Ignoring event 'DOMContentLoaded' because document has an invalid readyState of 'complete'.
1615317491699	Marionette	INFO	Stopped listening on port 54700

###!!! [Child][RunMessage] Error: Channel closing: too late to send/recv, messages will be lost

1615317505488	geckodriver	INFO	Listening on 127.0.0.1:54932
1615317508836	mozrunner::runner	INFO	Running command: "C:\\Program Files\\Mozilla Firefox\\firefox.exe" "--marionette" "-foreground" "-no-remote" "-profile" "C:\\Users\\x-wing\\AppData\\Local\\Temp\\rust_mozprofileGFbaoH"
console.warn: SearchSettings: "get: No settings file exists, new profile?" (new Error("", "(unknown module)"))
1615317513693	Marionette	INFO	Listening on port 54940
1615317514101	Marionette	WARN	TLS certificate errors will be ignored for this session
1615317516643	Marionette	WARN	Ignoring event 'DOMContentLoaded' because document has an invalid readyState of 'complete'.
JavaScript error: https://www.gstatic.com/recaptcha/releases/4eHYAlZEVyrAlR9UNnRUmNcL/recaptcha__en.js, line 673: SecurityError: Permission denied to access property "a-rwi50ux5m4m7" on cross-origin object
JavaScript error: https://www.gstatic.com/recaptcha/releases/4eHYAlZEVyrAlR9UNnRUmNcL/recaptcha__fr.js, line 54: Error: No reCAPTCHA clients exist.
1615317673875	Marionette	INFO	Stopped listening on port 54940

###!!! [Child][RunMessage] Error: Channel closing: too late to send/recv, messages will be lost

"--marionette" "-foreground" "-no-remote" "-profile" "C:\\Users\\x-wing\\AppData\\Local\\Temp\\rust_mozprofilerx2ItP"
console.warn: SearchSettings: "get: No settings file exists, new profile?" (new Error("", "(unknown module)"))
1615317676963	Marionette	INFO	Listening on port 55158
1615317676991	Marionette	WARN	TLS certificate errors will be ignored for this session
1615317679959	Marionette	WARN	Ignoring event 'DOMContentLoaded' because document has an invalid readyState of 'complete'.
1615317761264	Marionette	INFO	Stopped listening on port 55158

###!!! [Child][RunMessage] Error: Channel closing: too late to send/recv, messages will be lost

1615317769558	geckodriver	INFO	Listening on 127.0.0.1:55343
1615317772731	mozrunner::runner	INFO	Running command: "C:\\Program Files\\Mozilla Firefox\\firefox.exe" "--marionette" "-foreground" "-no-remote" "-profile" "C:\\Users\\x-wing\\AppData\\Local\\Temp\\rust_mozprofileWuKLkK"
console.warn: SearchSettings: "get: No settings file exists, new profile?" (new Error("", "(unknown module)"))
1615317777383	Marionette	INFO	Listening on port 55352
1615317777470	Marionette	WARN	TLS certificate errors will be ignored for this session
1615317780017	Marionette	WARN	Ignoring event 'DOMContentLoaded' because document has an invalid readyState of 'complete'.
JavaScript error: https://www.gstatic.com/recaptcha/releases/4eHYAlZEVyrAlR9UNnRUmNcL/recaptcha__fr.js, line 54: Error: No reCAPTCHA clients exist.
JavaScript error: https://www.e-plans.fr/bundles/js/AppuisCommuns_DemandeAppuisCommuns.js, line 2: TypeError: Cannot call a class as a function
JavaScript error: https://www.e-plans.fr/bundles/js/AppuisCommuns_DemandeAppuisCommuns.js, line 2: TypeError: Cannot call a class as a function
JavaScript error: https://www.e-plans.fr/bundles/js/AppuisCommuns_DemandeAppuisCommuns.js, line 2: TypeError: Cannot call a class as a function
JavaScript error: https://www.e-plans.fr/bundles/js/AppuisCommuns_DemandeAppuisCommuns.js, line 2: TypeError: Cannot call a class as a function
JavaScript error: https://www.e-plans.fr/bundles/js/AppuisCommuns_DemandeAppuisCommuns.js, line 2: TypeError: Cannot call a class as a function
JavaScript error: https://www.e-plans.fr/bundles/js/AppuisCommuns_DemandeAppuisCommuns.js, line 2: TypeError: Cannot call a class as a function
1615317866869	Marionette	INFO	Stopped listening on port 55352

###!!! [Child][RunMessage] Error: Channel closing: too late to send/recv, messages will be lost

1615317933839	geckodriver	INFO	Listening on 127.0.0.1:55595
1615317937150	mozrunner::runner	INFO	Running command: "C:\\Program Files\\Mozilla Firefox\\firefox.exe" "--marionette" "-foreground" "-no-remote" "-profile" "C:\\Users\\x-wing\\AppData\\Local\\Temp\\rust_mozprofilelSxBMo"
console.warn: SearchSettings: "get: No settings file exists, new profile?" (new Error("", "(unknown module)"))
1615317940329	Marionette	INFO	Listening on port 55603
1615317940789	Marionette	WARN	TLS certificate errors will be ignored for this session
1615317943055	Marionette	WARN	Ignoring event 'DOMContentLoaded' because document has an invalid readyState of 'complete'.
JavaScript error: https://www.gstatic.com/recaptcha/releases/4eHYAlZEVyrAlR9UNnRUmNcL/recaptcha__fr.js, line 680: SecurityError: Permission denied to access property "a-xi0yf56q9s45" on cross-origin object
JavaScript error: https://www.gstatic.com/recaptcha/releases/4eHYAlZEVyrAlR9UNnRUmNcL/recaptcha__fr.js, line 54: Error: No reCAPTCHA clients exist.
JavaScript error: https://www.e-plans.fr/bundles/js/AppuisCommuns_DemandeAppuisCommuns.js, line 2: TypeError: Cannot call a class as a function
JavaScript error: https://www.e-plans.fr/bundles/js/AppuisCommuns_DemandeAppuisCommuns.js, line 2: TypeError: Cannot call a class as a function
JavaScript error: https://www.e-plans.fr/bundles/js/AppuisCommuns_DemandeAppuisCommuns.js, line 2: TypeError: Cannot call a class as a function
JavaScript error: https://www.e-plans.fr/bundles/js/AppuisCommuns_DemandeAppuisCommuns.js, line 2: TypeError: Cannot call a class as a function
JavaScript error: https://www.e-plans.fr/bundles/js/AppuisCommuns_DemandeAppuisCommuns.js, line 2: TypeError: Cannot call a class as a function
JavaScript error: https://www.e-plans.fr/bundles/js/AppuisCommuns_DemandeAppuisCommuns.js, line 2: TypeError: Cannot call a class as a function
JavaScript error: https://www.e-plans.fr/bundles/js/AppuisCommuns_DemandeAppuisCommuns.js, line 2: TypeError: Cannot call a class as a function
JavaScript error: https://www.e-plans.fr/bundles/js/AppuisCommuns_DemandeAppuisCommuns.js, line 2: TypeError: Cannot call a class as a function
JavaScript error: https://www.e-plans.fr/bundles/js/AppuisCommuns_DemandeAppuisCommuns.js, line 2: TypeError: Cannot call a class as a function
JavaScript error: https://www.e-plans.fr/bundles/js/AppuisCommuns_DemandeAppuisCommuns.js, line 2: TypeError: Cannot call a class as a function
JavaScript error: https://www.e-plans.fr/bundles/js/AppuisCommuns_DemandeAppuisCommuns.js, line 2: TypeError: Cannot call a class as a function
JavaScript error: https://www.e-plans.fr/bundles/js/AppuisCommuns_DemandeAppuisCommuns.js, line 2: TypeError: Cannot call a class as a function
JavaScript error: https://www.e-plans.fr/bundles/js/AppuisCommuns_DemandeAppuisCommuns.js, line 2: TypeError: Cannot call a class as a function
JavaScript error: https://www.e-plans.fr/bundles/js/AppuisCommuns_DemandeAppuisCommuns.js, line 2: TypeError: Cannot call a class as a function
JavaScript error: https://www.e-plans.fr/bundles/js/AppuisCommuns_DemandeAppuisCommuns.js, line 2: TypeError: Cannot call a class as a function
JavaScript error: https://www.e-plans.fr/bundles/js/AppuisCommuns_DemandeAppuisCommuns.js, line 2: TypeError: Cannot call a class as a function
JavaScript error: https://www.e-plans.fr/bundles/js/AppuisCommuns_DemandeAppuisCommuns.js, line 2: TypeError: Cannot call a class as a function
1615318180534	Marionette	INFO	Stopped listening on port 55603
5318088289	mozrunner::runner	INFO	Running command: "C:\\Program Files\\Mozilla Firefox\\firefox.exe" "--marionette" "-foreground" "-no-remote" "-profile" "C:\\Users\\x-wing\\AppData\\Local\\Temp\\rust_mozprofile5SYLdY"
console.warn: SearchSettings: "get: No settings file exists, new profile?" (new Error("", "(unknown module)"))
1615318093402	Marionette	INFO	Listening on port 55757
1615318093525	Marionette	WARN	TLS certificate errors will be ignored for this session
1615318096228	Marionette	WARN	Ignoring event 'DOMContentLoaded' because document has an invalid readyState of 'complete'.
1615318182580	Marionette	INFO	Stopped listening on port 55757

###!!! [Child][RunMessage] Error: Channel closing: too late to send/recv, messages will be lost

1615318395181	geckodriver	INFO	Listening on 127.0.0.1:56044
1615318398431	mozrunner::runner	INFO	Running command: "C:\\Program Files\\Mozilla Firefox\\firefox.exe" "--marionette" "-foreground" "-no-remote" "-profile" "C:\\Users\\x-wing\\AppData\\Local\\Temp\\rust_mozprofileCA5kUf"
console.warn: SearchSettings: "get: No settings file exists, new profile?" (new Error("", "(unknown module)"))
1615318402763	Marionette	INFO	Listening on port 56053
1615318403204	Marionette	WARN	TLS certificate errors will be ignored for this session
1615318405603	Marionette	WARN	Ignoring event 'DOMContentLoaded' because document has an invalid readyState of 'complete'.
1615318692129	Marionette	INFO	Stopped listening on port 56053

###!!! [Child][RunMessage] Error: Channel closing: too late to send/recv, messages will be lost

1615318699830	geckodriver	INFO	Listening on 127.0.0.1:56342
1615318703172	mozrunner::runner	INFO	Running command: "C:\\Program Files\\Mozilla Firefox\\firefox.exe" "--marionette" "-foreground" "-no-remote" "-profile" "C:\\Users\\x-wing\\AppData\\Local\\Temp\\rust_mozprofilevtYpV3"
console.warn: SearchSettings: "get: No settings file exists, new profile?" (new Error("", "(unknown module)"))
1615318707327	Marionette	INFO	Listening on port 56351
1615318707438	Marionette	WARN	TLS certificate errors will be ignored for this session
JavaScript error: resource://gre/modules/addonManager.js, line 262: NS_ERROR_NOT_INITIALIZED
1615318719252	Marionette	WARN	Ignoring event 'DOMContentLoaded' because document has an invalid readyState of 'complete'.
JavaScript error: https://mon-compte.enedis.fr/auth/XUI/libs/requirejs-2.1.14-min.js, line 8: Error: Script error for: main
http://requirejs.org/docs/errors.html#scripterror
1615318720768	Marionette	INFO	Stopped listening on port 56351
1615318726517	geckodriver	INFO	Listening on 127.0.0.1:56475
1615318729858	mozrunner::runner	INFO	Running command: "C:\\Program Files\\Mozilla Firefox\\firefox.exe" "--marionette" "-foreground" "-no-remote" "-profile" "C:\\Users\\x-wing\\AppData\\Local\\Temp\\rust_mozprofileptx1jm"
console.warn: SearchSettings: "get: No settings file exists, new profile?" (new Error("", "(unknown module)"))
1615318734676	Marionette	INFO	Listening on port 56483
1615318735097	Marionette	WARN	TLS certificate errors will be ignored for this session
1615318746767	Marionette	WARN	Ignoring event 'DOMContentLoaded' because document has an invalid readyState of 'complete'.
1615318824114	Marionette	INFO	Stopped listening on port 56483

###!!! [Child][RunMessage] Error: Channel closing: too late to send/recv, messages will be lost

1615318834738	geckodriver	INFO	Listening on 127.0.0.1:56632
1615318838069	mozrunner::runner	INFO	Running command: "C:\\Program Files\\Mozilla Firefox\\firefox.exe" "--marionette" "-foreground" "-no-remote" "-profile" "C:\\Users\\x-wing\\AppData\\Local\\Temp\\rust_mozprofileqXKt63"
console.warn: SearchSettings: "get: No settings file exists, new profile?" (new Error("", "(unknown module)"))
1615318842537	Marionette	INFO	Listening on port 56640
1615318842822	Marionette	WARN	TLS certificate errors will be ignored for this session
JavaScript error: resource://gre/modules/addonManager.js, line 256: NS_ERROR_NOT_INITIALIZED
1615318854210	Marionette	WARN	Ignoring event 'DOMContentLoaded' because document has an invalid readyState of 'complete'.
JavaScript error: https://www.gstatic.com/recaptcha/releases/4eHYAlZEVyrAlR9UNnRUmNcL/recaptcha__fr.js, line 54: Error: No reCAPTCHA clients exist.
JavaScript error: https://www.e-plans.fr/bundles/js/AppuisCommuns_DemandeAppuisCommuns.js, line 2: TypeError: Cannot call a class as a function
JavaScript error: https://www.e-plans.fr/bundles/js/AppuisCommuns_DemandeAppuisCommuns.js, line 2: TypeError: Cannot call a class as a function
JavaScript error: https://www.e-plans.fr/bundles/js/AppuisCommuns_DemandeAppuisCommuns.js, line 2: TypeError: Cannot call a class as a function
JavaScript error: https://www.e-plans.fr/bundles/js/AppuisCommuns_DemandeAppuisCommuns.js, line 2: TypeError: Cannot call a class as a function
JavaScript error: https://www.e-plans.fr/bundles/js/AppuisCommuns_DemandeAppuisCommuns.js, line 2: TypeError: Cannot call a class as a function
JavaScript error: https://www.e-plans.fr/bundles/js/AppuisCommuns_DemandeAppuisCommuns.js, line 2: TypeError: Cannot call a class as a function
JavaScript error: https://www.e-plans.fr/bundles/js/AppuisCommuns_DemandeAppuisCommuns.js, line 2: TypeError: Cannot call a class as a function
JavaScript error: https://www.e-plans.fr/bundles/js/AppuisCommuns_DemandeAppuisCommuns.js, line 2: TypeError: Cannot call a class as a function
JavaScript error: https://www.e-plans.fr/bundles/js/AppuisCommuns_DemandeAppuisCommuns.js, line 2: TypeError: Cannot call a class as a function
JavaScript error: https://www.e-plans.fr/bundles/js/AppuisCommuns_DemandeAppuisCommuns.js, line 2: TypeError: Cannot call a class as a function
JavaScript error: https://www.e-plans.fr/bundles/js/AppuisCommuns_DemandeAppuisCommuns.js, line 2: TypeError: Cannot call a class as a function
JavaScript error: https://www.e-plans.fr/bundles/js/AppuisCommuns_DemandeAppuisCommuns.js, line 2: TypeError: Cannot call a class as a function
JavaScript error: https://www.e-plans.fr/bundles/js/AppuisCommuns_DemandeAppuisCommuns.js, line 2: TypeError: Cannot call a class as a function
JavaScript error: https://www.e-plans.fr/bundles/js/AppuisCommuns_DemandeAppuisCommuns.js, line 2: TypeError: Cannot call a class as a function
JavaScript error: https://www.e-plans.fr/bundles/js/AppuisCommuns_DemandeAppuisCommuns.js, line 2: TypeError: Cannot call a class as a function
JavaScript error: https://www.e-plans.fr/bundles/js/AppuisCommuns_DemandeAppuisCommuns.js, line 2: TypeError: Cannot call a class as a function
JavaScript error: https://www.e-plans.fr/bundles/js/AppuisCommuns_DemandeAppuisCommuns.js, line 2: TypeError: Cannot call a class as a function
1615319318224	Marionette	INFO	Stopped listening on port 56640
